10,11c10
< # Uncomment the next line to send debug messages to the log file
< # set_debug_log
---
> set_debug_log
39,40d37
<     log_block_start
< 
49,50d45
< 
<     log_block_finish
54a50,57
>     if declare -p BASH_SOURCE &>/dev/null; then
>         log_info "BASH_SOURCE is set"
>         log_info "${BASH_SOURCE[0]}"
>         log_info "${0}"
>         if [[ "${BASH_SOURCE[0]}" != "${0}" ]]; then
>             log_error "BS This script must not be sourced."
>             return 1 2>/dev/null || exit 1
>         fi
56,59d58
<     if [[ "${BASH_SOURCE[0]}" != "${0}" ]]; then
<         echo "${BASH_SOURCE[0]}" is different from "${0}"
<         log_error "This script must not be sourced."
<         exit 1
61,62c60
<         echo "${BASH_SOURCE[0]}" is not different from "${0}"
<         echo This file is executed
---
>         log_info "BASH_SOURCE is not set"
64a63,66
>     (return 0 2>/dev/null) && {
>         log_error "This script must not be sourced."
>         exit 1
>     }
69,70d70
<     log_block_start
< 
82,83d81
< 
<     log_block_finish
87,88d84
<     log_block_start
< 
129,130d124
< 
<     log_block_finish
134,135d127
<     log_block_start
< 
137,138d128
< 
<     log_block_finish
142,143d131
<     log_block_start
< 
148d135
< 
150,151d136
< 
<     log_block_finish
155,156d139
<     log_block_start
< 
158,159d140
< 
<     log_block_finish
163,164d143
<     log_block_start
< 
166,167d144
< 
<     log_block_finish
171,172d147
<     log_block_start
< 
185,186d159
< 
<     log_block_finish
195d167
< 
200d171
< 
205c176
<     log_block_start
---
>     log_info "$0" started
213c184
<     log_block_finish
---
>     log_info "$0" finished
217c188
<     log_block_start
---
>     log_info "$0" started
246c217
<     log_block_finish
---
>     log_info "$0" finished
250,251d220
<     log_block_start
< 
303,304d271
< 
<     log_block_finish
308,309d274
<     log_block_start
< 
317,318d281
<     
<     log_block_finish
320a284,287
> log_block_start
> 
> log_info "$0"
> 
355a323,324
> 
> log_block_finish
